<?xml version="1.0" encoding="UTF-8"?>
<!-- Generated by org.testng.reporters.JUnitXMLReporter -->
<testsuite ignored="10" hostname="DESKTOP-O84KNVA" failures="0" tests="1" name="Default test" time="39.176" errors="0" timestamp="2025-07-21T10:57:22 GMT+06:00">
  <testcase classname="TestCaseForSellerPage.TestCaseForProfileIconPage" name="shouldEditAndUpdateProductName" time="29.896"/>
  <testcase classname="TestCaseForSellerPage.TestCaseForProfileIconPage" name="shouldNavigateToChatPage" time="0.0">
    <ignored/>
  </testcase> <!-- shouldNavigateToChatPage -->
  <testcase classname="TestCaseForSellerPage.TestCaseForProfileIconPage" name="shouldNavigateToUpdatePasswordPage" time="0.0">
    <ignored/>
  </testcase> <!-- shouldNavigateToUpdatePasswordPage -->
  <testcase classname="TestCaseForSellerPage.TestCaseForProfileIconPage" name="testGoToPage2" time="0.0">
    <ignored/>
  </testcase> <!-- testGoToPage2 -->
  <testcase classname="TestCaseForSellerPage.TestCaseForProfileIconPage" name="testSelectAllEntriesOption" time="0.0">
    <ignored/>
  </testcase> <!-- testSelectAllEntriesOption -->
  <testcase classname="TestCaseForSellerPage.TestCaseForProfileIconPage" name="shouldNavigateTosearchSection" time="0.0">
    <ignored/>
  </testcase> <!-- shouldNavigateTosearchSection -->
  <testcase classname="TestCaseForSellerPage.TestCaseForProfileIconPage" name="shouldNavigateToViewOrderListAndSearchSection" time="0.0">
    <ignored/>
  </testcase> <!-- shouldNavigateToViewOrderListAndSearchSection -->
  <testcase classname="TestCaseForSellerPage.TestCaseForProfileIconPage" name="shouldFailIfImageFieldMissing" time="0.0">
    <ignored/>
  </testcase> <!-- shouldFailIfImageFieldMissing -->
  <testcase classname="TestCaseForSellerPage.TestCaseForProfileIconPage" name="shouldNavigateToprofileIconSection" time="0.0">
    <ignored/>
  </testcase> <!-- shouldNavigateToprofileIconSection -->
  <testcase classname="TestCaseForSellerPage.TestCaseForProfileIconPage" name="shouldNavigateToorderListNextPageSection" time="0.0">
    <ignored/>
  </testcase> <!-- shouldNavigateToorderListNextPageSection -->
  <testcase classname="TestCaseForSellerPage.TestCaseForProfileIconPage" name="shouldNavigateToeditProfileAndUpdatePage" time="0.0">
    <ignored/>
  </testcase> <!-- shouldNavigateToeditProfileAndUpdatePage -->
</testsuite> <!-- Default test -->
