<?xml version="1.0" encoding="UTF-8"?>
<!-- Generated by org.testng.reporters.JUnitXMLReporter -->
<testsuite ignored="0" hostname="DESKTOP-O84KNVA" failures="2" tests="46" name="Test" time="565.695" errors="0" timestamp="2025-07-23T16:22:39 GMT+06:00">
  <testcase classname="TestCasesForDashboard.TestCaseForDashboardPage" name="verifyNavigateToDashboardPage" time="0.031"/>
  <testcase classname="TestCasesForDashboard.TestCaseForDashboardPage" name="verifyNavigateToCategories" time="0.187"/>
  <testcase classname="TestCasesForDashboard.TestCaseForDashboardPage" name="verifyNavigateToExploreCoursePage" time="0.132"/>
  <testcase classname="TestCasesForDashboard.TestCaseForDashboardPage" name="verifyNavigateToShopNowPage" time="5.066"/>
  <testcase classname="TestCasesForDashboard.TestCaseForDashboardPage" name="verifyNavigateToContactUsPage" time="0.142"/>
  <testcase classname="TestCasesForDashboard.TestCaseForDashboardPage" name="verifyNavigateToExploreCoursePageAgain" time="0.147"/>
  <testcase classname="TestCasesForDashboard.TestCaseForDashboardPage" name="verifyNavigateToCareerAndPlacementPage" time="2.443"/>
  <testcase classname="TestCasesForDashboard.TestCaseForDashboardPage" name="verifyNavigateToEventPage" time="2.39"/>
  <testcase classname="TestCasesForDashboard.TestCaseForDashboardPage" name="verifyNavigateToBlogs" time="3.997"/>
  <testcase classname="TestCasesForDashboard.TestCaseForDashboardPage" name="verifyNavigateToResourceLibrary" time="1.314"/>
  <testcase classname="TestCasesForDashboard.TestCaseForDashboardPage" name="verifyNavigateToSuccessStoriesPage" time="3.535"/>
  <testcase classname="TestCasesForDashboard.TestCaseForDashboardPage" name="verifyNavigateToChallengesPage" time="1.283"/>
  <testcase classname="TestCasesForDashboard.TestCaseForDashboardPage" name="verifyNavigateToLatestNews" time="8.293">
    <failure type="java.lang.AssertionError" message="Latest News heading mismatch expected [Latest News] but found [Something went wrong. Please reload]">
      <![CDATA[java.lang.AssertionError: Latest News heading mismatch expected [Latest News] but found [Something went wrong. Please reload]
at TestCasesForDashboard.TestCaseForDashboardPage.verifyNavigateToLatestNews(TestCaseForDashboardPage.java:133)
at java.base/java.util.ArrayList.forEach(ArrayList.java:1511)
... Removed 32 stack frames]]>
    </failure>
  </testcase> <!-- verifyNavigateToLatestNews -->
  <testcase classname="TestCasesForDashboard.TestCaseForDashboardPage" name="verifyLoginFunctionality" time="2.308"/>
  <testcase classname="TestCaseForCommonPage.TestCaseForSignUpPage" name="verifyAllFormFieldsFillUp" time="4.627"/>
  <testcase classname="TestCaseForCommonPage.TestCaseForSignUpPage" name="verifyNavigateBackToLoginPage" time="3.089"/>
  <testcase classname="TestCaseForCommonPage.TestCaseForLoginPage" name="verifyNavigateToSignUpPage" time="1.909"/>
  <testcase classname="TestCaseForCommonPage.TestCaseForLoginPage" name="verifySellerLoginWithValidCredential" time="1.748"/>
  <testcase classname="TestCaseForCommonPage.TestCaseForLoginPage" name="verifySellerLoginWithInvalidCredential" time="3.385"/>
  <testcase classname="TestCaseForCommonPage.TestCaseForLoginPage" name="verifyCustomerLoginWithValidCredential" time="2.257"/>
  <testcase classname="TestCaseForCommonPage.TestCaseForLoginPage" name="verifyAdminLoginWithValidCredential" time="1.744"/>
  <testcase classname="TestCaseForSellerPage.TestCaseForSellerHomePage" name="verifyNavigateToCategories" time="4.63"/>
  <testcase classname="TestCaseForSellerPage.TestCaseForSellerHomePage" name="verifyNavigateToExploreCoursePage" time="3.996"/>
  <testcase classname="TestCaseForSellerPage.TestCaseForSellerHomePage" name="verifyNavigateToContactPage" time="5.814"/>
  <testcase classname="TestCaseForSellerPage.TestCaseForSellerHomePage" name="verifyNavigateToProfileIcon" time="5.445"/>
  <testcase classname="TestCaseForSellerPage.TestCaseForSellerHomePage" name="verifyNavigateToShopNowPage" time="5.34"/>
  <testcase classname="TestCaseForSellerPage.TestCaseForShopNowPage" name="shouldNavigateToNewProductSeeAllSection" time="6.822"/>
  <testcase classname="TestCaseForSellerPage.TestCaseForShopNowPage" name="shouldNavigateToPopularProductSeeAllSection" time="6.639"/>
  <testcase classname="TestCaseForSellerPage.TestCaseForShopNowPage" name="shouldNavigateToexploreByCategoriesSeeAllSection" time="8.869"/>
  <testcase classname="TestCaseForSellerPage.TestCaseForShopNowPage" name="shouldNavigateToshopNowCategoriesSeeAllSection" time="5.866"/>
  <testcase classname="TestCaseForSellerPage.TestCaseForShopNowPage" name="shouldNavigateToshopNowallProducstSection" time="8.155"/>
  <testcase classname="TestCaseForSellerPage.TestCaseForShopNowPage" name="shouldNavigateTonextPageallProducstSection" time="8.94"/>
  <testcase classname="TestCaseForSellerPage.TestCaseForShopNowPage" name="shouldNavigateTosearchOptionSection" time="9.491"/>
  <testcase classname="TestCaseForSellerPage.TestCaseForProfileIconPage" name="shouldNavigateToprofileIconSection" time="8.389"/>
  <testcase classname="TestCaseForSellerPage.TestCaseForProfileIconPage" name="shouldNavigateToorderListNextPageSection" time="9.092"/>
  <testcase classname="TestCaseForSellerPage.TestCaseForProfileIconPage" name="testSelectAllEntriesOption" time="10.609"/>
  <testcase classname="TestCaseForSellerPage.TestCaseForProfileIconPage" name="testGoToPage2" time="8.789"/>
  <testcase classname="TestCaseForSellerPage.TestCaseForProfileIconPage" name="shouldNavigateTosearchSection" time="8.159"/>
  <testcase classname="TestCaseForSellerPage.TestCaseForProfileIconPage" name="shouldNavigateToeditProfileAndUpdatePage" time="8.905"/>
  <testcase classname="TestCaseForSellerPage.TestCaseForProfileIconPage" name="shouldNavigateToUpdatePasswordPage" time="9.563"/>
  <testcase classname="TestCaseForSellerPage.TestCaseForProfileIconPage" name="shouldNavigateToChatPage" time="15.236"/>
  <testcase classname="TestCaseForSellerPage.TestCaseForProfileIconPage" name="shouldFailIfImageFieldNameMissing" time="15.506">
    <failure type="java.lang.AssertionError" message="&amp;apos;Image&amp;apos; field is missing or not visible. expected [true] but found [false]">
      <![CDATA[java.lang.AssertionError: 'Image' field is missing or not visible. expected [true] but found [false]
at TestCaseForSellerPage.TestCaseForProfileIconPage.shouldFailIfImageFieldNameMissing(TestCaseForProfileIconPage.java:165)
at java.base/java.util.ArrayList.forEach(ArrayList.java:1511)
... Removed 30 stack frames]]>
    </failure>
  </testcase> <!-- shouldFailIfImageFieldNameMissing -->
  <testcase classname="TestCaseForSellerPage.TestCaseForProfileIconPage" name="shouldNavigateToViewOrderListAndSearchSection" time="8.307"/>
  <testcase classname="TestCaseForSellerPage.TestCaseForProfileIconPage" name="shouldEditAndUpdateProductName" time="19.417"/>
  <testcase classname="TestCaseForSellerPage.TestCaseForProfileIconPage" name="shouldVerifyAddNewProductsFormFillup" time="11.436"/>
  <testcase classname="TestCaseForSellerPage.TestCaseForProfileIconPage" name="shouldNavigateToaddProductwithoutdataSection" time="16.217"/>
</testsuite> <!-- Test -->
