<?xml version="1.0" encoding="UTF-8"?>
<testng-results ignored="0" total="44" passed="42" failed="2" skipped="0">
  <reporter-output>
  </reporter-output>
  <suite started-at="2025-07-21T11:20:33 GMT+06:00" name="Suite" finished-at="2025-07-21T11:29:41 GMT+06:00" duration-ms="547743">
    <groups>
    </groups>
    <test started-at="2025-07-21T11:20:33 GMT+06:00" name="Test" finished-at="2025-07-21T11:29:41 GMT+06:00" duration-ms="547743">
      <class name="TestCaseForSellerPage.TestCaseForSellerHomePage">
        <test-method is-config="true" signature="browserSetup()[pri:0, instance:TestCaseForSellerPage.TestCaseForSellerHomePage@3e08ff24]" started-at="2025-07-21T11:23:06 GMT+06:00" name="browserSetup" finished-at="2025-07-21T11:23:13 GMT+06:00" duration-ms="6323" status="PASS">
          <reporter-output>
          </reporter-output>
        </test-method> <!-- browserSetup -->
        <test-method signature="verifyNavigateToCategories()[pri:0, instance:TestCaseForSellerPage.TestCaseForSellerHomePage@3e08ff24]" started-at="2025-07-21T11:23:13 GMT+06:00" name="verifyNavigateToCategories" finished-at="2025-07-21T11:23:20 GMT+06:00" duration-ms="7332" status="PASS">
          <reporter-output>
          </reporter-output>
        </test-method> <!-- verifyNavigateToCategories -->
        <test-method is-config="true" signature="teardown()[pri:0, instance:TestCaseForSellerPage.TestCaseForSellerHomePage@3e08ff24]" started-at="2025-07-21T11:23:20 GMT+06:00" name="teardown" finished-at="2025-07-21T11:23:21 GMT+06:00" duration-ms="649" status="PASS">
          <reporter-output>
          </reporter-output>
        </test-method> <!-- teardown -->
        <test-method is-config="true" signature="browserSetup()[pri:0, instance:TestCaseForSellerPage.TestCaseForSellerHomePage@3e08ff24]" started-at="2025-07-21T11:23:21 GMT+06:00" name="browserSetup" finished-at="2025-07-21T11:23:28 GMT+06:00" duration-ms="6774" status="PASS">
          <reporter-output>
          </reporter-output>
        </test-method> <!-- browserSetup -->
        <test-method signature="verifyNavigateToExploreCoursePage()[pri:1, instance:TestCaseForSellerPage.TestCaseForSellerHomePage@3e08ff24]" started-at="2025-07-21T11:23:28 GMT+06:00" name="verifyNavigateToExploreCoursePage" finished-at="2025-07-21T11:23:34 GMT+06:00" duration-ms="6404" status="PASS">
          <reporter-output>
          </reporter-output>
        </test-method> <!-- verifyNavigateToExploreCoursePage -->
        <test-method is-config="true" signature="teardown()[pri:0, instance:TestCaseForSellerPage.TestCaseForSellerHomePage@3e08ff24]" started-at="2025-07-21T11:23:34 GMT+06:00" name="teardown" finished-at="2025-07-21T11:23:34 GMT+06:00" duration-ms="294" status="PASS">
          <reporter-output>
          </reporter-output>
        </test-method> <!-- teardown -->
        <test-method is-config="true" signature="browserSetup()[pri:0, instance:TestCaseForSellerPage.TestCaseForSellerHomePage@3e08ff24]" started-at="2025-07-21T11:23:34 GMT+06:00" name="browserSetup" finished-at="2025-07-21T11:23:42 GMT+06:00" duration-ms="7825" status="PASS">
          <reporter-output>
          </reporter-output>
        </test-method> <!-- browserSetup -->
        <test-method signature="verifyNavigateToContactPage()[pri:2, instance:TestCaseForSellerPage.TestCaseForSellerHomePage@3e08ff24]" started-at="2025-07-21T11:23:42 GMT+06:00" name="verifyNavigateToContactPage" finished-at="2025-07-21T11:23:48 GMT+06:00" duration-ms="5591" status="PASS">
          <reporter-output>
          </reporter-output>
        </test-method> <!-- verifyNavigateToContactPage -->
        <test-method is-config="true" signature="teardown()[pri:0, instance:TestCaseForSellerPage.TestCaseForSellerHomePage@3e08ff24]" started-at="2025-07-21T11:23:48 GMT+06:00" name="teardown" finished-at="2025-07-21T11:23:48 GMT+06:00" duration-ms="428" status="PASS">
          <reporter-output>
          </reporter-output>
        </test-method> <!-- teardown -->
        <test-method is-config="true" signature="browserSetup()[pri:0, instance:TestCaseForSellerPage.TestCaseForSellerHomePage@3e08ff24]" started-at="2025-07-21T11:23:48 GMT+06:00" name="browserSetup" finished-at="2025-07-21T11:23:54 GMT+06:00" duration-ms="6188" status="PASS">
          <reporter-output>
          </reporter-output>
        </test-method> <!-- browserSetup -->
        <test-method signature="verifyNavigateToProfileIcon()[pri:3, instance:TestCaseForSellerPage.TestCaseForSellerHomePage@3e08ff24]" started-at="2025-07-21T11:23:54 GMT+06:00" name="verifyNavigateToProfileIcon" finished-at="2025-07-21T11:24:00 GMT+06:00" duration-ms="5783" status="PASS">
          <reporter-output>
          </reporter-output>
        </test-method> <!-- verifyNavigateToProfileIcon -->
        <test-method is-config="true" signature="teardown()[pri:0, instance:TestCaseForSellerPage.TestCaseForSellerHomePage@3e08ff24]" started-at="2025-07-21T11:24:00 GMT+06:00" name="teardown" finished-at="2025-07-21T11:24:01 GMT+06:00" duration-ms="508" status="PASS">
          <reporter-output>
          </reporter-output>
        </test-method> <!-- teardown -->
        <test-method is-config="true" signature="browserSetup()[pri:0, instance:TestCaseForSellerPage.TestCaseForSellerHomePage@3e08ff24]" started-at="2025-07-21T11:24:01 GMT+06:00" name="browserSetup" finished-at="2025-07-21T11:24:07 GMT+06:00" duration-ms="6289" status="PASS">
          <reporter-output>
          </reporter-output>
        </test-method> <!-- browserSetup -->
        <test-method signature="verifyNavigateToShopNowPage()[pri:4, instance:TestCaseForSellerPage.TestCaseForSellerHomePage@3e08ff24]" started-at="2025-07-21T11:24:07 GMT+06:00" name="verifyNavigateToShopNowPage" finished-at="2025-07-21T11:24:14 GMT+06:00" duration-ms="7008" status="PASS">
          <reporter-output>
          </reporter-output>
        </test-method> <!-- verifyNavigateToShopNowPage -->
        <test-method is-config="true" signature="teardown()[pri:0, instance:TestCaseForSellerPage.TestCaseForSellerHomePage@3e08ff24]" started-at="2025-07-21T11:24:14 GMT+06:00" name="teardown" finished-at="2025-07-21T11:24:14 GMT+06:00" duration-ms="464" status="PASS">
          <reporter-output>
          </reporter-output>
        </test-method> <!-- teardown -->
      </class> <!-- TestCaseForSellerPage.TestCaseForSellerHomePage -->
      <class name="TestCaseForSellerPage.TestCaseForShopNowPage">
        <test-method is-config="true" signature="browserSetup()[pri:0, instance:TestCaseForSellerPage.TestCaseForShopNowPage@4d1c005e]" started-at="2025-07-21T11:24:14 GMT+06:00" name="browserSetup" finished-at="2025-07-21T11:24:20 GMT+06:00" duration-ms="6040" status="PASS">
          <reporter-output>
          </reporter-output>
        </test-method> <!-- browserSetup -->
        <test-method signature="shouldNavigateToNewProductSeeAllSection()[pri:0, instance:TestCaseForSellerPage.TestCaseForShopNowPage@4d1c005e]" started-at="2025-07-21T11:24:20 GMT+06:00" name="shouldNavigateToNewProductSeeAllSection" finished-at="2025-07-21T11:24:31 GMT+06:00" duration-ms="10383" status="PASS">
          <reporter-output>
          </reporter-output>
        </test-method> <!-- shouldNavigateToNewProductSeeAllSection -->
        <test-method is-config="true" signature="teardown()[pri:0, instance:TestCaseForSellerPage.TestCaseForShopNowPage@4d1c005e]" started-at="2025-07-21T11:24:31 GMT+06:00" name="teardown" finished-at="2025-07-21T11:24:31 GMT+06:00" duration-ms="290" status="PASS">
          <reporter-output>
          </reporter-output>
        </test-method> <!-- teardown -->
        <test-method is-config="true" signature="browserSetup()[pri:0, instance:TestCaseForSellerPage.TestCaseForShopNowPage@4d1c005e]" started-at="2025-07-21T11:24:31 GMT+06:00" name="browserSetup" finished-at="2025-07-21T11:24:38 GMT+06:00" duration-ms="6857" status="PASS">
          <reporter-output>
          </reporter-output>
        </test-method> <!-- browserSetup -->
        <test-method signature="shouldNavigateToPopularProductSeeAllSection()[pri:1, instance:TestCaseForSellerPage.TestCaseForShopNowPage@4d1c005e]" started-at="2025-07-21T11:24:38 GMT+06:00" name="shouldNavigateToPopularProductSeeAllSection" finished-at="2025-07-21T11:24:48 GMT+06:00" duration-ms="9884" status="PASS">
          <reporter-output>
          </reporter-output>
        </test-method> <!-- shouldNavigateToPopularProductSeeAllSection -->
        <test-method is-config="true" signature="teardown()[pri:0, instance:TestCaseForSellerPage.TestCaseForShopNowPage@4d1c005e]" started-at="2025-07-21T11:24:48 GMT+06:00" name="teardown" finished-at="2025-07-21T11:24:48 GMT+06:00" duration-ms="315" status="PASS">
          <reporter-output>
          </reporter-output>
        </test-method> <!-- teardown -->
        <test-method is-config="true" signature="browserSetup()[pri:0, instance:TestCaseForSellerPage.TestCaseForShopNowPage@4d1c005e]" started-at="2025-07-21T11:24:48 GMT+06:00" name="browserSetup" finished-at="2025-07-21T11:24:56 GMT+06:00" duration-ms="7688" status="PASS">
          <reporter-output>
          </reporter-output>
        </test-method> <!-- browserSetup -->
        <test-method signature="shouldNavigateToexploreByCategoriesSeeAllSection()[pri:2, instance:TestCaseForSellerPage.TestCaseForShopNowPage@4d1c005e]" started-at="2025-07-21T11:24:56 GMT+06:00" name="shouldNavigateToexploreByCategoriesSeeAllSection" finished-at="2025-07-21T11:25:03 GMT+06:00" duration-ms="7538" status="PASS">
          <reporter-output>
          </reporter-output>
        </test-method> <!-- shouldNavigateToexploreByCategoriesSeeAllSection -->
        <test-method is-config="true" signature="teardown()[pri:0, instance:TestCaseForSellerPage.TestCaseForShopNowPage@4d1c005e]" started-at="2025-07-21T11:25:03 GMT+06:00" name="teardown" finished-at="2025-07-21T11:25:04 GMT+06:00" duration-ms="317" status="PASS">
          <reporter-output>
          </reporter-output>
        </test-method> <!-- teardown -->
        <test-method is-config="true" signature="browserSetup()[pri:0, instance:TestCaseForSellerPage.TestCaseForShopNowPage@4d1c005e]" started-at="2025-07-21T11:25:04 GMT+06:00" name="browserSetup" finished-at="2025-07-21T11:25:10 GMT+06:00" duration-ms="6818" status="PASS">
          <reporter-output>
          </reporter-output>
        </test-method> <!-- browserSetup -->
        <test-method signature="shouldNavigateToshopNowCategoriesSeeAllSection()[pri:3, instance:TestCaseForSellerPage.TestCaseForShopNowPage@4d1c005e]" started-at="2025-07-21T11:25:10 GMT+06:00" name="shouldNavigateToshopNowCategoriesSeeAllSection" finished-at="2025-07-21T11:25:27 GMT+06:00" duration-ms="16858" status="PASS">
          <reporter-output>
          </reporter-output>
        </test-method> <!-- shouldNavigateToshopNowCategoriesSeeAllSection -->
        <test-method is-config="true" signature="teardown()[pri:0, instance:TestCaseForSellerPage.TestCaseForShopNowPage@4d1c005e]" started-at="2025-07-21T11:25:27 GMT+06:00" name="teardown" finished-at="2025-07-21T11:25:28 GMT+06:00" duration-ms="286" status="PASS">
          <reporter-output>
          </reporter-output>
        </test-method> <!-- teardown -->
        <test-method is-config="true" signature="browserSetup()[pri:0, instance:TestCaseForSellerPage.TestCaseForShopNowPage@4d1c005e]" started-at="2025-07-21T11:25:28 GMT+06:00" name="browserSetup" finished-at="2025-07-21T11:25:34 GMT+06:00" duration-ms="6850" status="PASS">
          <reporter-output>
          </reporter-output>
        </test-method> <!-- browserSetup -->
        <test-method signature="shouldNavigateToshopNowallProducstSection()[pri:4, instance:TestCaseForSellerPage.TestCaseForShopNowPage@4d1c005e]" started-at="2025-07-21T11:25:34 GMT+06:00" name="shouldNavigateToshopNowallProducstSection" finished-at="2025-07-21T11:25:43 GMT+06:00" duration-ms="8609" status="PASS">
          <reporter-output>
          </reporter-output>
        </test-method> <!-- shouldNavigateToshopNowallProducstSection -->
        <test-method is-config="true" signature="teardown()[pri:0, instance:TestCaseForSellerPage.TestCaseForShopNowPage@4d1c005e]" started-at="2025-07-21T11:25:43 GMT+06:00" name="teardown" finished-at="2025-07-21T11:25:43 GMT+06:00" duration-ms="313" status="PASS">
          <reporter-output>
          </reporter-output>
        </test-method> <!-- teardown -->
        <test-method is-config="true" signature="browserSetup()[pri:0, instance:TestCaseForSellerPage.TestCaseForShopNowPage@4d1c005e]" started-at="2025-07-21T11:25:43 GMT+06:00" name="browserSetup" finished-at="2025-07-21T11:25:49 GMT+06:00" duration-ms="6080" status="PASS">
          <reporter-output>
          </reporter-output>
        </test-method> <!-- browserSetup -->
        <test-method signature="shouldNavigateTonextPageallProducstSection()[pri:5, instance:TestCaseForSellerPage.TestCaseForShopNowPage@4d1c005e]" started-at="2025-07-21T11:25:49 GMT+06:00" name="shouldNavigateTonextPageallProducstSection" finished-at="2025-07-21T11:25:59 GMT+06:00" duration-ms="9347" status="PASS">
          <reporter-output>
          </reporter-output>
        </test-method> <!-- shouldNavigateTonextPageallProducstSection -->
        <test-method is-config="true" signature="teardown()[pri:0, instance:TestCaseForSellerPage.TestCaseForShopNowPage@4d1c005e]" started-at="2025-07-21T11:25:59 GMT+06:00" name="teardown" finished-at="2025-07-21T11:25:59 GMT+06:00" duration-ms="436" status="PASS">
          <reporter-output>
          </reporter-output>
        </test-method> <!-- teardown -->
        <test-method is-config="true" signature="browserSetup()[pri:0, instance:TestCaseForSellerPage.TestCaseForShopNowPage@4d1c005e]" started-at="2025-07-21T11:25:59 GMT+06:00" name="browserSetup" finished-at="2025-07-21T11:26:07 GMT+06:00" duration-ms="7238" status="PASS">
          <reporter-output>
          </reporter-output>
        </test-method> <!-- browserSetup -->
        <test-method signature="shouldNavigateTosearchOptionSection()[pri:6, instance:TestCaseForSellerPage.TestCaseForShopNowPage@4d1c005e]" started-at="2025-07-21T11:26:07 GMT+06:00" name="shouldNavigateTosearchOptionSection" finished-at="2025-07-21T11:26:16 GMT+06:00" duration-ms="9889" status="PASS">
          <reporter-output>
          </reporter-output>
        </test-method> <!-- shouldNavigateTosearchOptionSection -->
        <test-method is-config="true" signature="teardown()[pri:0, instance:TestCaseForSellerPage.TestCaseForShopNowPage@4d1c005e]" started-at="2025-07-21T11:26:16 GMT+06:00" name="teardown" finished-at="2025-07-21T11:26:17 GMT+06:00" duration-ms="283" status="PASS">
          <reporter-output>
          </reporter-output>
        </test-method> <!-- teardown -->
      </class> <!-- TestCaseForSellerPage.TestCaseForShopNowPage -->
      <class name="TestCaseForCommonPage.TestCaseForLoginPage">
        <test-method is-config="true" signature="setupBrowser()[pri:0, instance:TestCaseForCommonPage.TestCaseForLoginPage@2b40ff9c]" started-at="2025-07-21T11:22:27 GMT+06:00" name="setupBrowser" finished-at="2025-07-21T11:22:32 GMT+06:00" duration-ms="4494" status="PASS">
          <reporter-output>
          </reporter-output>
        </test-method> <!-- setupBrowser -->
        <test-method signature="verifyNavigateToSignUpPage()[pri:0, instance:TestCaseForCommonPage.TestCaseForLoginPage@2b40ff9c]" started-at="2025-07-21T11:22:32 GMT+06:00" name="verifyNavigateToSignUpPage" finished-at="2025-07-21T11:22:34 GMT+06:00" duration-ms="2006" status="PASS">
          <reporter-output>
          </reporter-output>
        </test-method> <!-- verifyNavigateToSignUpPage -->
        <test-method is-config="true" signature="tearDownBrowser()[pri:0, instance:TestCaseForCommonPage.TestCaseForLoginPage@2b40ff9c]" started-at="2025-07-21T11:22:34 GMT+06:00" name="tearDownBrowser" finished-at="2025-07-21T11:22:34 GMT+06:00" duration-ms="322" status="PASS">
          <reporter-output>
          </reporter-output>
        </test-method> <!-- tearDownBrowser -->
        <test-method is-config="true" signature="setupBrowser()[pri:0, instance:TestCaseForCommonPage.TestCaseForLoginPage@2b40ff9c]" started-at="2025-07-21T11:22:34 GMT+06:00" name="setupBrowser" finished-at="2025-07-21T11:22:39 GMT+06:00" duration-ms="4625" status="PASS">
          <reporter-output>
          </reporter-output>
        </test-method> <!-- setupBrowser -->
        <test-method signature="verifySellerLoginWithValidCredential()[pri:1, instance:TestCaseForCommonPage.TestCaseForLoginPage@2b40ff9c]" started-at="2025-07-21T11:22:39 GMT+06:00" name="verifySellerLoginWithValidCredential" finished-at="2025-07-21T11:22:41 GMT+06:00" duration-ms="2721" status="PASS">
          <reporter-output>
          </reporter-output>
        </test-method> <!-- verifySellerLoginWithValidCredential -->
        <test-method is-config="true" signature="tearDownBrowser()[pri:0, instance:TestCaseForCommonPage.TestCaseForLoginPage@2b40ff9c]" started-at="2025-07-21T11:22:41 GMT+06:00" name="tearDownBrowser" finished-at="2025-07-21T11:22:42 GMT+06:00" duration-ms="280" status="PASS">
          <reporter-output>
          </reporter-output>
        </test-method> <!-- tearDownBrowser -->
        <test-method is-config="true" signature="setupBrowser()[pri:0, instance:TestCaseForCommonPage.TestCaseForLoginPage@2b40ff9c]" started-at="2025-07-21T11:22:42 GMT+06:00" name="setupBrowser" finished-at="2025-07-21T11:22:46 GMT+06:00" duration-ms="4579" status="PASS">
          <reporter-output>
          </reporter-output>
        </test-method> <!-- setupBrowser -->
        <test-method signature="verifySellerLoginWithInvalidCredential()[pri:2, instance:TestCaseForCommonPage.TestCaseForLoginPage@2b40ff9c]" started-at="2025-07-21T11:22:46 GMT+06:00" name="verifySellerLoginWithInvalidCredential" finished-at="2025-07-21T11:22:51 GMT+06:00" duration-ms="4986" status="PASS">
          <reporter-output>
          </reporter-output>
        </test-method> <!-- verifySellerLoginWithInvalidCredential -->
        <test-method is-config="true" signature="tearDownBrowser()[pri:0, instance:TestCaseForCommonPage.TestCaseForLoginPage@2b40ff9c]" started-at="2025-07-21T11:22:51 GMT+06:00" name="tearDownBrowser" finished-at="2025-07-21T11:22:52 GMT+06:00" duration-ms="495" status="PASS">
          <reporter-output>
          </reporter-output>
        </test-method> <!-- tearDownBrowser -->
        <test-method is-config="true" signature="setupBrowser()[pri:0, instance:TestCaseForCommonPage.TestCaseForLoginPage@2b40ff9c]" started-at="2025-07-21T11:22:52 GMT+06:00" name="setupBrowser" finished-at="2025-07-21T11:22:56 GMT+06:00" duration-ms="4547" status="PASS">
          <reporter-output>
          </reporter-output>
        </test-method> <!-- setupBrowser -->
        <test-method signature="verifyCustomerLoginWithValidCredential()[pri:3, instance:TestCaseForCommonPage.TestCaseForLoginPage@2b40ff9c]" started-at="2025-07-21T11:22:56 GMT+06:00" name="verifyCustomerLoginWithValidCredential" finished-at="2025-07-21T11:22:59 GMT+06:00" duration-ms="2851" status="PASS">
          <reporter-output>
          </reporter-output>
        </test-method> <!-- verifyCustomerLoginWithValidCredential -->
        <test-method is-config="true" signature="tearDownBrowser()[pri:0, instance:TestCaseForCommonPage.TestCaseForLoginPage@2b40ff9c]" started-at="2025-07-21T11:22:59 GMT+06:00" name="tearDownBrowser" finished-at="2025-07-21T11:22:59 GMT+06:00" duration-ms="335" status="PASS">
          <reporter-output>
          </reporter-output>
        </test-method> <!-- tearDownBrowser -->
        <test-method is-config="true" signature="setupBrowser()[pri:0, instance:TestCaseForCommonPage.TestCaseForLoginPage@2b40ff9c]" started-at="2025-07-21T11:22:59 GMT+06:00" name="setupBrowser" finished-at="2025-07-21T11:23:04 GMT+06:00" duration-ms="4537" status="PASS">
          <reporter-output>
          </reporter-output>
        </test-method> <!-- setupBrowser -->
        <test-method signature="verifyAdminLoginWithValidCredential()[pri:4, instance:TestCaseForCommonPage.TestCaseForLoginPage@2b40ff9c]" started-at="2025-07-21T11:23:04 GMT+06:00" name="verifyAdminLoginWithValidCredential" finished-at="2025-07-21T11:23:06 GMT+06:00" duration-ms="2146" status="PASS">
          <reporter-output>
          </reporter-output>
        </test-method> <!-- verifyAdminLoginWithValidCredential -->
        <test-method is-config="true" signature="tearDownBrowser()[pri:0, instance:TestCaseForCommonPage.TestCaseForLoginPage@2b40ff9c]" started-at="2025-07-21T11:23:06 GMT+06:00" name="tearDownBrowser" finished-at="2025-07-21T11:23:06 GMT+06:00" duration-ms="481" status="PASS">
          <reporter-output>
          </reporter-output>
        </test-method> <!-- tearDownBrowser -->
      </class> <!-- TestCaseForCommonPage.TestCaseForLoginPage -->
      <class name="TestCaseForSellerPage.TestCaseForProfileIconPage">
        <test-method is-config="true" signature="browserSetup()[pri:0, instance:TestCaseForSellerPage.TestCaseForProfileIconPage@8462f31]" started-at="2025-07-21T11:26:17 GMT+06:00" name="browserSetup" finished-at="2025-07-21T11:26:23 GMT+06:00" duration-ms="6343" status="PASS">
          <reporter-output>
          </reporter-output>
        </test-method> <!-- browserSetup -->
        <test-method signature="shouldNavigateToprofileIconSection()[pri:0, instance:TestCaseForSellerPage.TestCaseForProfileIconPage@8462f31]" started-at="2025-07-21T11:26:23 GMT+06:00" name="shouldNavigateToprofileIconSection" finished-at="2025-07-21T11:26:33 GMT+06:00" duration-ms="9663" status="PASS">
          <reporter-output>
          </reporter-output>
        </test-method> <!-- shouldNavigateToprofileIconSection -->
        <test-method is-config="true" signature="teardown()[pri:0, instance:TestCaseForSellerPage.TestCaseForProfileIconPage@8462f31]" started-at="2025-07-21T11:26:33 GMT+06:00" name="teardown" finished-at="2025-07-21T11:26:33 GMT+06:00" duration-ms="289" status="PASS">
          <reporter-output>
          </reporter-output>
        </test-method> <!-- teardown -->
        <test-method is-config="true" signature="browserSetup()[pri:0, instance:TestCaseForSellerPage.TestCaseForProfileIconPage@8462f31]" started-at="2025-07-21T11:26:33 GMT+06:00" name="browserSetup" finished-at="2025-07-21T11:26:39 GMT+06:00" duration-ms="6511" status="PASS">
          <reporter-output>
          </reporter-output>
        </test-method> <!-- browserSetup -->
        <test-method signature="shouldNavigateToorderListNextPageSection()[pri:1, instance:TestCaseForSellerPage.TestCaseForProfileIconPage@8462f31]" started-at="2025-07-21T11:26:39 GMT+06:00" name="shouldNavigateToorderListNextPageSection" finished-at="2025-07-21T11:26:50 GMT+06:00" duration-ms="10850" status="PASS">
          <reporter-output>
          </reporter-output>
        </test-method> <!-- shouldNavigateToorderListNextPageSection -->
        <test-method is-config="true" signature="teardown()[pri:0, instance:TestCaseForSellerPage.TestCaseForProfileIconPage@8462f31]" started-at="2025-07-21T11:26:50 GMT+06:00" name="teardown" finished-at="2025-07-21T11:26:51 GMT+06:00" duration-ms="226" status="PASS">
          <reporter-output>
          </reporter-output>
        </test-method> <!-- teardown -->
        <test-method is-config="true" signature="browserSetup()[pri:0, instance:TestCaseForSellerPage.TestCaseForProfileIconPage@8462f31]" started-at="2025-07-21T11:26:51 GMT+06:00" name="browserSetup" finished-at="2025-07-21T11:26:57 GMT+06:00" duration-ms="6142" status="PASS">
          <reporter-output>
          </reporter-output>
        </test-method> <!-- browserSetup -->
        <test-method signature="testSelectAllEntriesOption()[pri:2, instance:TestCaseForSellerPage.TestCaseForProfileIconPage@8462f31]" started-at="2025-07-21T11:26:57 GMT+06:00" name="testSelectAllEntriesOption" finished-at="2025-07-21T11:27:08 GMT+06:00" duration-ms="11450" status="PASS">
          <reporter-output>
          </reporter-output>
        </test-method> <!-- testSelectAllEntriesOption -->
        <test-method is-config="true" signature="teardown()[pri:0, instance:TestCaseForSellerPage.TestCaseForProfileIconPage@8462f31]" started-at="2025-07-21T11:27:08 GMT+06:00" name="teardown" finished-at="2025-07-21T11:27:08 GMT+06:00" duration-ms="288" status="PASS">
          <reporter-output>
          </reporter-output>
        </test-method> <!-- teardown -->
        <test-method is-config="true" signature="browserSetup()[pri:0, instance:TestCaseForSellerPage.TestCaseForProfileIconPage@8462f31]" started-at="2025-07-21T11:27:08 GMT+06:00" name="browserSetup" finished-at="2025-07-21T11:27:15 GMT+06:00" duration-ms="6241" status="PASS">
          <reporter-output>
          </reporter-output>
        </test-method> <!-- browserSetup -->
        <test-method signature="testGoToPage2()[pri:3, instance:TestCaseForSellerPage.TestCaseForProfileIconPage@8462f31]" started-at="2025-07-21T11:27:15 GMT+06:00" name="testGoToPage2" finished-at="2025-07-21T11:27:25 GMT+06:00" duration-ms="10384" status="PASS">
          <reporter-output>
          </reporter-output>
        </test-method> <!-- testGoToPage2 -->
        <test-method is-config="true" signature="teardown()[pri:0, instance:TestCaseForSellerPage.TestCaseForProfileIconPage@8462f31]" started-at="2025-07-21T11:27:25 GMT+06:00" name="teardown" finished-at="2025-07-21T11:27:25 GMT+06:00" duration-ms="300" status="PASS">
          <reporter-output>
          </reporter-output>
        </test-method> <!-- teardown -->
        <test-method is-config="true" signature="browserSetup()[pri:0, instance:TestCaseForSellerPage.TestCaseForProfileIconPage@8462f31]" started-at="2025-07-21T11:27:25 GMT+06:00" name="browserSetup" finished-at="2025-07-21T11:27:32 GMT+06:00" duration-ms="6973" status="PASS">
          <reporter-output>
          </reporter-output>
        </test-method> <!-- browserSetup -->
        <test-method signature="shouldNavigateTosearchSection()[pri:4, instance:TestCaseForSellerPage.TestCaseForProfileIconPage@8462f31]" started-at="2025-07-21T11:27:32 GMT+06:00" name="shouldNavigateTosearchSection" finished-at="2025-07-21T11:27:43 GMT+06:00" duration-ms="10587" status="PASS">
          <reporter-output>
          </reporter-output>
        </test-method> <!-- shouldNavigateTosearchSection -->
        <test-method is-config="true" signature="teardown()[pri:0, instance:TestCaseForSellerPage.TestCaseForProfileIconPage@8462f31]" started-at="2025-07-21T11:27:43 GMT+06:00" name="teardown" finished-at="2025-07-21T11:27:43 GMT+06:00" duration-ms="357" status="PASS">
          <reporter-output>
          </reporter-output>
        </test-method> <!-- teardown -->
        <test-method is-config="true" signature="browserSetup()[pri:0, instance:TestCaseForSellerPage.TestCaseForProfileIconPage@8462f31]" started-at="2025-07-21T11:27:43 GMT+06:00" name="browserSetup" finished-at="2025-07-21T11:27:49 GMT+06:00" duration-ms="6120" status="PASS">
          <reporter-output>
          </reporter-output>
        </test-method> <!-- browserSetup -->
        <test-method signature="shouldNavigateToeditProfileAndUpdatePage()[pri:5, instance:TestCaseForSellerPage.TestCaseForProfileIconPage@8462f31]" started-at="2025-07-21T11:27:49 GMT+06:00" name="shouldNavigateToeditProfileAndUpdatePage" finished-at="2025-07-21T11:28:00 GMT+06:00" duration-ms="10340" status="PASS">
          <reporter-output>
          </reporter-output>
        </test-method> <!-- shouldNavigateToeditProfileAndUpdatePage -->
        <test-method is-config="true" signature="teardown()[pri:0, instance:TestCaseForSellerPage.TestCaseForProfileIconPage@8462f31]" started-at="2025-07-21T11:28:00 GMT+06:00" name="teardown" finished-at="2025-07-21T11:28:00 GMT+06:00" duration-ms="269" status="PASS">
          <reporter-output>
          </reporter-output>
        </test-method> <!-- teardown -->
        <test-method is-config="true" signature="browserSetup()[pri:0, instance:TestCaseForSellerPage.TestCaseForProfileIconPage@8462f31]" started-at="2025-07-21T11:28:00 GMT+06:00" name="browserSetup" finished-at="2025-07-21T11:28:07 GMT+06:00" duration-ms="7256" status="PASS">
          <reporter-output>
          </reporter-output>
        </test-method> <!-- browserSetup -->
        <test-method signature="shouldNavigateToUpdatePasswordPage()[pri:6, instance:TestCaseForSellerPage.TestCaseForProfileIconPage@8462f31]" started-at="2025-07-21T11:28:07 GMT+06:00" name="shouldNavigateToUpdatePasswordPage" finished-at="2025-07-21T11:28:17 GMT+06:00" duration-ms="10216" status="PASS">
          <reporter-output>
          </reporter-output>
        </test-method> <!-- shouldNavigateToUpdatePasswordPage -->
        <test-method is-config="true" signature="teardown()[pri:0, instance:TestCaseForSellerPage.TestCaseForProfileIconPage@8462f31]" started-at="2025-07-21T11:28:17 GMT+06:00" name="teardown" finished-at="2025-07-21T11:28:18 GMT+06:00" duration-ms="318" status="PASS">
          <reporter-output>
          </reporter-output>
        </test-method> <!-- teardown -->
        <test-method is-config="true" signature="browserSetup()[pri:0, instance:TestCaseForSellerPage.TestCaseForProfileIconPage@8462f31]" started-at="2025-07-21T11:28:18 GMT+06:00" name="browserSetup" finished-at="2025-07-21T11:28:24 GMT+06:00" duration-ms="6292" status="PASS">
          <reporter-output>
          </reporter-output>
        </test-method> <!-- browserSetup -->
        <test-method signature="shouldNavigateToChatPage()[pri:7, instance:TestCaseForSellerPage.TestCaseForProfileIconPage@8462f31]" started-at="2025-07-21T11:28:24 GMT+06:00" name="shouldNavigateToChatPage" finished-at="2025-07-21T11:28:35 GMT+06:00" duration-ms="10918" status="PASS">
          <reporter-output>
          </reporter-output>
        </test-method> <!-- shouldNavigateToChatPage -->
        <test-method is-config="true" signature="teardown()[pri:0, instance:TestCaseForSellerPage.TestCaseForProfileIconPage@8462f31]" started-at="2025-07-21T11:28:35 GMT+06:00" name="teardown" finished-at="2025-07-21T11:28:36 GMT+06:00" duration-ms="477" status="PASS">
          <reporter-output>
          </reporter-output>
        </test-method> <!-- teardown -->
        <test-method is-config="true" signature="browserSetup()[pri:0, instance:TestCaseForSellerPage.TestCaseForProfileIconPage@8462f31]" started-at="2025-07-21T11:28:36 GMT+06:00" name="browserSetup" finished-at="2025-07-21T11:28:42 GMT+06:00" duration-ms="6194" status="PASS">
          <reporter-output>
          </reporter-output>
        </test-method> <!-- browserSetup -->
        <test-method signature="shouldFailIfImageFieldMissing()[pri:8, instance:TestCaseForSellerPage.TestCaseForProfileIconPage@8462f31]" started-at="2025-07-21T11:28:42 GMT+06:00" name="shouldFailIfImageFieldMissing" finished-at="2025-07-21T11:28:57 GMT+06:00" duration-ms="15228" status="FAIL">
          <exception class="java.lang.AssertionError">
            <message>
              <![CDATA['Image' field is missing or not visible. expected [true] but found [false]]]>
            </message>
            <full-stacktrace>
              <![CDATA[java.lang.AssertionError: 'Image' field is missing or not visible. expected [true] but found [false]
at org.testng.Assert.fail(Assert.java:110)
at org.testng.Assert.failNotEquals(Assert.java:1577)
at org.testng.Assert.assertTrue(Assert.java:56)
at TestCaseForSellerPage.TestCaseForProfileIconPage.shouldFailIfImageFieldMissing(TestCaseForProfileIconPage.java:163)
at java.base/jdk.internal.reflect.NativeMethodAccessorImpl.invoke0(Native Method)
at java.base/jdk.internal.reflect.NativeMethodAccessorImpl.invoke(NativeMethodAccessorImpl.java:77)
at java.base/jdk.internal.reflect.DelegatingMethodAccessorImpl.invoke(DelegatingMethodAccessorImpl.java:43)
at java.base/java.lang.reflect.Method.invoke(Method.java:568)
at org.testng.internal.invokers.MethodInvocationHelper.invokeMethod(MethodInvocationHelper.java:139)
at org.testng.internal.invokers.TestInvoker.invokeMethod(TestInvoker.java:677)
at org.testng.internal.invokers.TestInvoker.invokeTestMethod(TestInvoker.java:221)
at org.testng.internal.invokers.MethodRunner.runInSequence(MethodRunner.java:50)
at org.testng.internal.invokers.TestInvoker$MethodInvocationAgent.invoke(TestInvoker.java:969)
at org.testng.internal.invokers.TestInvoker.invokeTestMethods(TestInvoker.java:194)
at org.testng.internal.invokers.TestMethodWorker.invokeTestMethods(TestMethodWorker.java:148)
at org.testng.internal.invokers.TestMethodWorker.run(TestMethodWorker.java:128)
at java.base/java.util.ArrayList.forEach(ArrayList.java:1511)
at org.testng.TestRunner.privateRun(TestRunner.java:829)
at org.testng.TestRunner.run(TestRunner.java:602)
at org.testng.SuiteRunner.runTest(SuiteRunner.java:437)
at org.testng.SuiteRunner.runSequentially(SuiteRunner.java:431)
at org.testng.SuiteRunner.privateRun(SuiteRunner.java:391)
at org.testng.SuiteRunner.run(SuiteRunner.java:330)
at org.testng.SuiteRunnerWorker.runSuite(SuiteRunnerWorker.java:52)
at org.testng.SuiteRunnerWorker.run(SuiteRunnerWorker.java:95)
at org.testng.TestNG.runSuitesSequentially(TestNG.java:1256)
at org.testng.TestNG.runSuitesLocally(TestNG.java:1176)
at org.testng.TestNG.runSuites(TestNG.java:1099)
at org.testng.TestNG.run(TestNG.java:1067)
at org.testng.remote.AbstractRemoteTestNG.run(AbstractRemoteTestNG.java:115)
at org.testng.remote.RemoteTestNG.initAndRun(RemoteTestNG.java:251)
at org.testng.remote.RemoteTestNG.main(RemoteTestNG.java:77)
]]>
            </full-stacktrace>
          </exception> <!-- java.lang.AssertionError -->
          <reporter-output>
          </reporter-output>
        </test-method> <!-- shouldFailIfImageFieldMissing -->
        <test-method is-config="true" signature="teardown()[pri:0, instance:TestCaseForSellerPage.TestCaseForProfileIconPage@8462f31]" started-at="2025-07-21T11:28:57 GMT+06:00" name="teardown" finished-at="2025-07-21T11:28:58 GMT+06:00" duration-ms="390" status="PASS">
          <reporter-output>
          </reporter-output>
        </test-method> <!-- teardown -->
        <test-method is-config="true" signature="browserSetup()[pri:0, instance:TestCaseForSellerPage.TestCaseForProfileIconPage@8462f31]" started-at="2025-07-21T11:28:58 GMT+06:00" name="browserSetup" finished-at="2025-07-21T11:29:05 GMT+06:00" duration-ms="7025" status="PASS">
          <reporter-output>
          </reporter-output>
        </test-method> <!-- browserSetup -->
        <test-method signature="shouldNavigateToViewOrderListAndSearchSection()[pri:9, instance:TestCaseForSellerPage.TestCaseForProfileIconPage@8462f31]" started-at="2025-07-21T11:29:05 GMT+06:00" name="shouldNavigateToViewOrderListAndSearchSection" finished-at="2025-07-21T11:29:15 GMT+06:00" duration-ms="10115" status="PASS">
          <reporter-output>
          </reporter-output>
        </test-method> <!-- shouldNavigateToViewOrderListAndSearchSection -->
        <test-method is-config="true" signature="teardown()[pri:0, instance:TestCaseForSellerPage.TestCaseForProfileIconPage@8462f31]" started-at="2025-07-21T11:29:15 GMT+06:00" name="teardown" finished-at="2025-07-21T11:29:15 GMT+06:00" duration-ms="381" status="PASS">
          <reporter-output>
          </reporter-output>
        </test-method> <!-- teardown -->
        <test-method is-config="true" signature="browserSetup()[pri:0, instance:TestCaseForSellerPage.TestCaseForProfileIconPage@8462f31]" started-at="2025-07-21T11:29:15 GMT+06:00" name="browserSetup" finished-at="2025-07-21T11:29:21 GMT+06:00" duration-ms="6242" status="PASS">
          <reporter-output>
          </reporter-output>
        </test-method> <!-- browserSetup -->
        <test-method signature="shouldEditAndUpdateProductName()[pri:10, instance:TestCaseForSellerPage.TestCaseForProfileIconPage@8462f31]" started-at="2025-07-21T11:29:21 GMT+06:00" name="shouldEditAndUpdateProductName" finished-at="2025-07-21T11:29:40 GMT+06:00" duration-ms="19127" status="PASS">
          <reporter-output>
          </reporter-output>
        </test-method> <!-- shouldEditAndUpdateProductName -->
        <test-method is-config="true" signature="teardown()[pri:0, instance:TestCaseForSellerPage.TestCaseForProfileIconPage@8462f31]" started-at="2025-07-21T11:29:40 GMT+06:00" name="teardown" finished-at="2025-07-21T11:29:41 GMT+06:00" duration-ms="315" status="PASS">
          <reporter-output>
          </reporter-output>
        </test-method> <!-- teardown -->
      </class> <!-- TestCaseForSellerPage.TestCaseForProfileIconPage -->
      <class name="TestCaseForCommonPage.TestCaseForSignUpPage">
        <test-method is-config="true" signature="setupBrowser()[pri:0, instance:TestCaseForCommonPage.TestCaseForSignUpPage@451001e5]" started-at="2025-07-21T11:22:08 GMT+06:00" name="setupBrowser" finished-at="2025-07-21T11:22:13 GMT+06:00" duration-ms="4625" status="PASS">
          <reporter-output>
          </reporter-output>
        </test-method> <!-- setupBrowser -->
        <test-method signature="verifyAllFormFieldsFillUp()[pri:0, instance:TestCaseForCommonPage.TestCaseForSignUpPage@451001e5]" started-at="2025-07-21T11:22:13 GMT+06:00" name="verifyAllFormFieldsFillUp" finished-at="2025-07-21T11:22:18 GMT+06:00" duration-ms="4866" status="PASS">
          <reporter-output>
          </reporter-output>
        </test-method> <!-- verifyAllFormFieldsFillUp -->
        <test-method is-config="true" signature="tearDownBrowser()[pri:0, instance:TestCaseForCommonPage.TestCaseForSignUpPage@451001e5]" started-at="2025-07-21T11:22:18 GMT+06:00" name="tearDownBrowser" finished-at="2025-07-21T11:22:18 GMT+06:00" duration-ms="372" status="PASS">
          <reporter-output>
          </reporter-output>
        </test-method> <!-- tearDownBrowser -->
        <test-method is-config="true" signature="setupBrowser()[pri:0, instance:TestCaseForCommonPage.TestCaseForSignUpPage@451001e5]" started-at="2025-07-21T11:22:18 GMT+06:00" name="setupBrowser" finished-at="2025-07-21T11:22:24 GMT+06:00" duration-ms="5532" status="PASS">
          <reporter-output>
          </reporter-output>
        </test-method> <!-- setupBrowser -->
        <test-method signature="verifyNavigateBackToLoginPage()[pri:1, instance:TestCaseForCommonPage.TestCaseForSignUpPage@451001e5]" started-at="2025-07-21T11:22:24 GMT+06:00" name="verifyNavigateBackToLoginPage" finished-at="2025-07-21T11:22:27 GMT+06:00" duration-ms="3158" status="PASS">
          <reporter-output>
          </reporter-output>
        </test-method> <!-- verifyNavigateBackToLoginPage -->
        <test-method is-config="true" signature="tearDownBrowser()[pri:0, instance:TestCaseForCommonPage.TestCaseForSignUpPage@451001e5]" started-at="2025-07-21T11:22:27 GMT+06:00" name="tearDownBrowser" finished-at="2025-07-21T11:22:27 GMT+06:00" duration-ms="367" status="PASS">
          <reporter-output>
          </reporter-output>
        </test-method> <!-- tearDownBrowser -->
      </class> <!-- TestCaseForCommonPage.TestCaseForSignUpPage -->
      <class name="TestCasesForDashboard.TestCaseForDashboardPage">
        <test-method is-config="true" signature="setupBrowser()[pri:0, instance:TestCasesForDashboard.TestCaseForDashboardPage@350aac89]" started-at="2025-07-21T11:20:33 GMT+06:00" name="setupBrowser" finished-at="2025-07-21T11:20:40 GMT+06:00" duration-ms="6405" status="PASS">
          <reporter-output>
          </reporter-output>
        </test-method> <!-- setupBrowser -->
        <test-method signature="verifyNavigateToDashboardPage()[pri:0, instance:TestCasesForDashboard.TestCaseForDashboardPage@350aac89]" started-at="2025-07-21T11:20:40 GMT+06:00" name="verifyNavigateToDashboardPage" finished-at="2025-07-21T11:20:40 GMT+06:00" duration-ms="25" status="PASS">
          <reporter-output>
          </reporter-output>
        </test-method> <!-- verifyNavigateToDashboardPage -->
        <test-method is-config="true" signature="teardown()[pri:0, instance:TestCasesForDashboard.TestCaseForDashboardPage@350aac89]" started-at="2025-07-21T11:20:40 GMT+06:00" name="teardown" finished-at="2025-07-21T11:20:40 GMT+06:00" duration-ms="184" status="PASS">
          <reporter-output>
          </reporter-output>
        </test-method> <!-- teardown -->
        <test-method is-config="true" signature="setupBrowser()[pri:0, instance:TestCasesForDashboard.TestCaseForDashboardPage@350aac89]" started-at="2025-07-21T11:20:40 GMT+06:00" name="setupBrowser" finished-at="2025-07-21T11:20:44 GMT+06:00" duration-ms="4335" status="PASS">
          <reporter-output>
          </reporter-output>
        </test-method> <!-- setupBrowser -->
        <test-method signature="verifyNavigateToCategories()[pri:1, instance:TestCasesForDashboard.TestCaseForDashboardPage@350aac89]" started-at="2025-07-21T11:20:44 GMT+06:00" name="verifyNavigateToCategories" finished-at="2025-07-21T11:20:45 GMT+06:00" duration-ms="167" status="PASS">
          <reporter-output>
          </reporter-output>
        </test-method> <!-- verifyNavigateToCategories -->
        <test-method is-config="true" signature="teardown()[pri:0, instance:TestCasesForDashboard.TestCaseForDashboardPage@350aac89]" started-at="2025-07-21T11:20:45 GMT+06:00" name="teardown" finished-at="2025-07-21T11:20:45 GMT+06:00" duration-ms="196" status="PASS">
          <reporter-output>
          </reporter-output>
        </test-method> <!-- teardown -->
        <test-method is-config="true" signature="setupBrowser()[pri:0, instance:TestCasesForDashboard.TestCaseForDashboardPage@350aac89]" started-at="2025-07-21T11:20:45 GMT+06:00" name="setupBrowser" finished-at="2025-07-21T11:20:49 GMT+06:00" duration-ms="4445" status="PASS">
          <reporter-output>
          </reporter-output>
        </test-method> <!-- setupBrowser -->
        <test-method signature="verifyNavigateToExploreCoursePage()[pri:2, instance:TestCasesForDashboard.TestCaseForDashboardPage@350aac89]" started-at="2025-07-21T11:20:49 GMT+06:00" name="verifyNavigateToExploreCoursePage" finished-at="2025-07-21T11:20:49 GMT+06:00" duration-ms="150" status="PASS">
          <reporter-output>
          </reporter-output>
        </test-method> <!-- verifyNavigateToExploreCoursePage -->
        <test-method is-config="true" signature="teardown()[pri:0, instance:TestCasesForDashboard.TestCaseForDashboardPage@350aac89]" started-at="2025-07-21T11:20:49 GMT+06:00" name="teardown" finished-at="2025-07-21T11:20:50 GMT+06:00" duration-ms="172" status="PASS">
          <reporter-output>
          </reporter-output>
        </test-method> <!-- teardown -->
        <test-method is-config="true" signature="setupBrowser()[pri:0, instance:TestCasesForDashboard.TestCaseForDashboardPage@350aac89]" started-at="2025-07-21T11:20:50 GMT+06:00" name="setupBrowser" finished-at="2025-07-21T11:20:54 GMT+06:00" duration-ms="4293" status="PASS">
          <reporter-output>
          </reporter-output>
        </test-method> <!-- setupBrowser -->
        <test-method signature="verifyNavigateToShopNowPage()[pri:3, instance:TestCasesForDashboard.TestCaseForDashboardPage@350aac89]" started-at="2025-07-21T11:20:54 GMT+06:00" name="verifyNavigateToShopNowPage" finished-at="2025-07-21T11:20:55 GMT+06:00" duration-ms="1358" status="PASS">
          <reporter-output>
          </reporter-output>
        </test-method> <!-- verifyNavigateToShopNowPage -->
        <test-method is-config="true" signature="teardown()[pri:0, instance:TestCasesForDashboard.TestCaseForDashboardPage@350aac89]" started-at="2025-07-21T11:20:55 GMT+06:00" name="teardown" finished-at="2025-07-21T11:20:55 GMT+06:00" duration-ms="175" status="PASS">
          <reporter-output>
          </reporter-output>
        </test-method> <!-- teardown -->
        <test-method is-config="true" signature="setupBrowser()[pri:0, instance:TestCasesForDashboard.TestCaseForDashboardPage@350aac89]" started-at="2025-07-21T11:20:55 GMT+06:00" name="setupBrowser" finished-at="2025-07-21T11:21:00 GMT+06:00" duration-ms="4539" status="PASS">
          <reporter-output>
          </reporter-output>
        </test-method> <!-- setupBrowser -->
        <test-method signature="verifyNavigateToContactUsPage()[pri:4, instance:TestCasesForDashboard.TestCaseForDashboardPage@350aac89]" started-at="2025-07-21T11:21:00 GMT+06:00" name="verifyNavigateToContactUsPage" finished-at="2025-07-21T11:21:00 GMT+06:00" duration-ms="122" status="PASS">
          <reporter-output>
          </reporter-output>
        </test-method> <!-- verifyNavigateToContactUsPage -->
        <test-method is-config="true" signature="teardown()[pri:0, instance:TestCasesForDashboard.TestCaseForDashboardPage@350aac89]" started-at="2025-07-21T11:21:00 GMT+06:00" name="teardown" finished-at="2025-07-21T11:21:00 GMT+06:00" duration-ms="174" status="PASS">
          <reporter-output>
          </reporter-output>
        </test-method> <!-- teardown -->
        <test-method is-config="true" signature="setupBrowser()[pri:0, instance:TestCasesForDashboard.TestCaseForDashboardPage@350aac89]" started-at="2025-07-21T11:21:00 GMT+06:00" name="setupBrowser" finished-at="2025-07-21T11:21:01 GMT+06:00" duration-ms="1135" status="PASS">
          <reporter-output>
          </reporter-output>
        </test-method> <!-- setupBrowser -->
        <test-method signature="verifyNavigateToExploreCoursePageAgain()[pri:6, instance:TestCasesForDashboard.TestCaseForDashboardPage@350aac89]" started-at="2025-07-21T11:21:01 GMT+06:00" name="verifyNavigateToExploreCoursePageAgain" finished-at="2025-07-21T11:21:05 GMT+06:00" duration-ms="3749" status="PASS">
          <reporter-output>
          </reporter-output>
        </test-method> <!-- verifyNavigateToExploreCoursePageAgain -->
        <test-method is-config="true" signature="teardown()[pri:0, instance:TestCasesForDashboard.TestCaseForDashboardPage@350aac89]" started-at="2025-07-21T11:21:05 GMT+06:00" name="teardown" finished-at="2025-07-21T11:21:05 GMT+06:00" duration-ms="176" status="PASS">
          <reporter-output>
          </reporter-output>
        </test-method> <!-- teardown -->
        <test-method is-config="true" signature="setupBrowser()[pri:0, instance:TestCasesForDashboard.TestCaseForDashboardPage@350aac89]" started-at="2025-07-21T11:21:05 GMT+06:00" name="setupBrowser" finished-at="2025-07-21T11:21:11 GMT+06:00" duration-ms="5566" status="PASS">
          <reporter-output>
          </reporter-output>
        </test-method> <!-- setupBrowser -->
        <test-method signature="verifyNavigateToCareerAndPlacementPage()[pri:7, instance:TestCasesForDashboard.TestCaseForDashboardPage@350aac89]" started-at="2025-07-21T11:21:11 GMT+06:00" name="verifyNavigateToCareerAndPlacementPage" finished-at="2025-07-21T11:21:13 GMT+06:00" duration-ms="1933" status="PASS">
          <reporter-output>
          </reporter-output>
        </test-method> <!-- verifyNavigateToCareerAndPlacementPage -->
        <test-method is-config="true" signature="teardown()[pri:0, instance:TestCasesForDashboard.TestCaseForDashboardPage@350aac89]" started-at="2025-07-21T11:21:13 GMT+06:00" name="teardown" finished-at="2025-07-21T11:21:13 GMT+06:00" duration-ms="180" status="PASS">
          <reporter-output>
          </reporter-output>
        </test-method> <!-- teardown -->
        <test-method is-config="true" signature="setupBrowser()[pri:0, instance:TestCasesForDashboard.TestCaseForDashboardPage@350aac89]" started-at="2025-07-21T11:21:13 GMT+06:00" name="setupBrowser" finished-at="2025-07-21T11:21:14 GMT+06:00" duration-ms="968" status="PASS">
          <reporter-output>
          </reporter-output>
        </test-method> <!-- setupBrowser -->
        <test-method signature="verifyNavigateToEventPage()[pri:8, instance:TestCasesForDashboard.TestCaseForDashboardPage@350aac89]" started-at="2025-07-21T11:21:14 GMT+06:00" name="verifyNavigateToEventPage" finished-at="2025-07-21T11:21:19 GMT+06:00" duration-ms="5332" status="PASS">
          <reporter-output>
          </reporter-output>
        </test-method> <!-- verifyNavigateToEventPage -->
        <test-method is-config="true" signature="teardown()[pri:0, instance:TestCasesForDashboard.TestCaseForDashboardPage@350aac89]" started-at="2025-07-21T11:21:19 GMT+06:00" name="teardown" finished-at="2025-07-21T11:21:19 GMT+06:00" duration-ms="206" status="PASS">
          <reporter-output>
          </reporter-output>
        </test-method> <!-- teardown -->
        <test-method is-config="true" signature="setupBrowser()[pri:0, instance:TestCasesForDashboard.TestCaseForDashboardPage@350aac89]" started-at="2025-07-21T11:21:19 GMT+06:00" name="setupBrowser" finished-at="2025-07-21T11:21:24 GMT+06:00" duration-ms="4666" status="PASS">
          <reporter-output>
          </reporter-output>
        </test-method> <!-- setupBrowser -->
        <test-method signature="verifyNavigateToBlogs()[pri:9, instance:TestCasesForDashboard.TestCaseForDashboardPage@350aac89]" started-at="2025-07-21T11:21:24 GMT+06:00" name="verifyNavigateToBlogs" finished-at="2025-07-21T11:21:27 GMT+06:00" duration-ms="2886" status="PASS">
          <reporter-output>
          </reporter-output>
        </test-method> <!-- verifyNavigateToBlogs -->
        <test-method is-config="true" signature="teardown()[pri:0, instance:TestCasesForDashboard.TestCaseForDashboardPage@350aac89]" started-at="2025-07-21T11:21:27 GMT+06:00" name="teardown" finished-at="2025-07-21T11:21:27 GMT+06:00" duration-ms="129" status="PASS">
          <reporter-output>
          </reporter-output>
        </test-method> <!-- teardown -->
        <test-method is-config="true" signature="setupBrowser()[pri:0, instance:TestCasesForDashboard.TestCaseForDashboardPage@350aac89]" started-at="2025-07-21T11:21:27 GMT+06:00" name="setupBrowser" finished-at="2025-07-21T11:21:32 GMT+06:00" duration-ms="4576" status="PASS">
          <reporter-output>
          </reporter-output>
        </test-method> <!-- setupBrowser -->
        <test-method signature="verifyNavigateToResourceLibrary()[pri:10, instance:TestCasesForDashboard.TestCaseForDashboardPage@350aac89]" started-at="2025-07-21T11:21:32 GMT+06:00" name="verifyNavigateToResourceLibrary" finished-at="2025-07-21T11:21:34 GMT+06:00" duration-ms="1823" status="PASS">
          <reporter-output>
          </reporter-output>
        </test-method> <!-- verifyNavigateToResourceLibrary -->
        <test-method is-config="true" signature="teardown()[pri:0, instance:TestCasesForDashboard.TestCaseForDashboardPage@350aac89]" started-at="2025-07-21T11:21:34 GMT+06:00" name="teardown" finished-at="2025-07-21T11:21:34 GMT+06:00" duration-ms="168" status="PASS">
          <reporter-output>
          </reporter-output>
        </test-method> <!-- teardown -->
        <test-method is-config="true" signature="setupBrowser()[pri:0, instance:TestCasesForDashboard.TestCaseForDashboardPage@350aac89]" started-at="2025-07-21T11:21:34 GMT+06:00" name="setupBrowser" finished-at="2025-07-21T11:21:35 GMT+06:00" duration-ms="1034" status="PASS">
          <reporter-output>
          </reporter-output>
        </test-method> <!-- setupBrowser -->
        <test-method signature="verifyNavigateToSuccessStoriesPage()[pri:11, instance:TestCasesForDashboard.TestCaseForDashboardPage@350aac89]" started-at="2025-07-21T11:21:35 GMT+06:00" name="verifyNavigateToSuccessStoriesPage" finished-at="2025-07-21T11:21:40 GMT+06:00" duration-ms="5394" status="PASS">
          <reporter-output>
          </reporter-output>
        </test-method> <!-- verifyNavigateToSuccessStoriesPage -->
        <test-method is-config="true" signature="teardown()[pri:0, instance:TestCasesForDashboard.TestCaseForDashboardPage@350aac89]" started-at="2025-07-21T11:21:40 GMT+06:00" name="teardown" finished-at="2025-07-21T11:21:40 GMT+06:00" duration-ms="275" status="PASS">
          <reporter-output>
          </reporter-output>
        </test-method> <!-- teardown -->
        <test-method is-config="true" signature="setupBrowser()[pri:0, instance:TestCasesForDashboard.TestCaseForDashboardPage@350aac89]" started-at="2025-07-21T11:21:40 GMT+06:00" name="setupBrowser" finished-at="2025-07-21T11:21:46 GMT+06:00" duration-ms="5932" status="PASS">
          <reporter-output>
          </reporter-output>
        </test-method> <!-- setupBrowser -->
        <test-method signature="verifyNavigateToChallengesPage()[pri:12, instance:TestCasesForDashboard.TestCaseForDashboardPage@350aac89]" started-at="2025-07-21T11:21:46 GMT+06:00" name="verifyNavigateToChallengesPage" finished-at="2025-07-21T11:21:48 GMT+06:00" duration-ms="1484" status="PASS">
          <reporter-output>
          </reporter-output>
        </test-method> <!-- verifyNavigateToChallengesPage -->
        <test-method is-config="true" signature="teardown()[pri:0, instance:TestCasesForDashboard.TestCaseForDashboardPage@350aac89]" started-at="2025-07-21T11:21:48 GMT+06:00" name="teardown" finished-at="2025-07-21T11:21:48 GMT+06:00" duration-ms="292" status="PASS">
          <reporter-output>
          </reporter-output>
        </test-method> <!-- teardown -->
        <test-method is-config="true" signature="setupBrowser()[pri:0, instance:TestCasesForDashboard.TestCaseForDashboardPage@350aac89]" started-at="2025-07-21T11:21:48 GMT+06:00" name="setupBrowser" finished-at="2025-07-21T11:21:53 GMT+06:00" duration-ms="4932" status="PASS">
          <reporter-output>
          </reporter-output>
        </test-method> <!-- setupBrowser -->
        <test-method signature="verifyNavigateToLatestNews()[pri:13, instance:TestCasesForDashboard.TestCaseForDashboardPage@350aac89]" started-at="2025-07-21T11:21:53 GMT+06:00" name="verifyNavigateToLatestNews" finished-at="2025-07-21T11:22:01 GMT+06:00" duration-ms="8368" status="FAIL">
          <exception class="java.lang.AssertionError">
            <message>
              <![CDATA[Latest News heading mismatch expected [Latest News] but found [Something went wrong. Please reload]]]>
            </message>
            <full-stacktrace>
              <![CDATA[java.lang.AssertionError: Latest News heading mismatch expected [Latest News] but found [Something went wrong. Please reload]
at org.testng.Assert.fail(Assert.java:110)
at org.testng.Assert.failNotEquals(Assert.java:1577)
at org.testng.Assert.assertEqualsImpl(Assert.java:149)
at org.testng.Assert.assertEquals(Assert.java:131)
at org.testng.Assert.assertEquals(Assert.java:655)
at TestCasesForDashboard.TestCaseForDashboardPage.verifyNavigateToLatestNews(TestCaseForDashboardPage.java:133)
at java.base/jdk.internal.reflect.NativeMethodAccessorImpl.invoke0(Native Method)
at java.base/jdk.internal.reflect.NativeMethodAccessorImpl.invoke(NativeMethodAccessorImpl.java:77)
at java.base/jdk.internal.reflect.DelegatingMethodAccessorImpl.invoke(DelegatingMethodAccessorImpl.java:43)
at java.base/java.lang.reflect.Method.invoke(Method.java:568)
at org.testng.internal.invokers.MethodInvocationHelper.invokeMethod(MethodInvocationHelper.java:139)
at org.testng.internal.invokers.TestInvoker.invokeMethod(TestInvoker.java:677)
at org.testng.internal.invokers.TestInvoker.invokeTestMethod(TestInvoker.java:221)
at org.testng.internal.invokers.MethodRunner.runInSequence(MethodRunner.java:50)
at org.testng.internal.invokers.TestInvoker$MethodInvocationAgent.invoke(TestInvoker.java:969)
at org.testng.internal.invokers.TestInvoker.invokeTestMethods(TestInvoker.java:194)
at org.testng.internal.invokers.TestMethodWorker.invokeTestMethods(TestMethodWorker.java:148)
at org.testng.internal.invokers.TestMethodWorker.run(TestMethodWorker.java:128)
at java.base/java.util.ArrayList.forEach(ArrayList.java:1511)
at org.testng.TestRunner.privateRun(TestRunner.java:829)
at org.testng.TestRunner.run(TestRunner.java:602)
at org.testng.SuiteRunner.runTest(SuiteRunner.java:437)
at org.testng.SuiteRunner.runSequentially(SuiteRunner.java:431)
at org.testng.SuiteRunner.privateRun(SuiteRunner.java:391)
at org.testng.SuiteRunner.run(SuiteRunner.java:330)
at org.testng.SuiteRunnerWorker.runSuite(SuiteRunnerWorker.java:52)
at org.testng.SuiteRunnerWorker.run(SuiteRunnerWorker.java:95)
at org.testng.TestNG.runSuitesSequentially(TestNG.java:1256)
at org.testng.TestNG.runSuitesLocally(TestNG.java:1176)
at org.testng.TestNG.runSuites(TestNG.java:1099)
at org.testng.TestNG.run(TestNG.java:1067)
at org.testng.remote.AbstractRemoteTestNG.run(AbstractRemoteTestNG.java:115)
at org.testng.remote.RemoteTestNG.initAndRun(RemoteTestNG.java:251)
at org.testng.remote.RemoteTestNG.main(RemoteTestNG.java:77)
]]>
            </full-stacktrace>
          </exception> <!-- java.lang.AssertionError -->
          <reporter-output>
          </reporter-output>
        </test-method> <!-- verifyNavigateToLatestNews -->
        <test-method is-config="true" signature="teardown()[pri:0, instance:TestCasesForDashboard.TestCaseForDashboardPage@350aac89]" started-at="2025-07-21T11:22:02 GMT+06:00" name="teardown" finished-at="2025-07-21T11:22:02 GMT+06:00" duration-ms="362" status="PASS">
          <reporter-output>
          </reporter-output>
        </test-method> <!-- teardown -->
        <test-method is-config="true" signature="setupBrowser()[pri:0, instance:TestCasesForDashboard.TestCaseForDashboardPage@350aac89]" started-at="2025-07-21T11:22:02 GMT+06:00" name="setupBrowser" finished-at="2025-07-21T11:22:07 GMT+06:00" duration-ms="4576" status="PASS">
          <reporter-output>
          </reporter-output>
        </test-method> <!-- setupBrowser -->
        <test-method signature="verifyLoginFunctionality()[pri:14, instance:TestCasesForDashboard.TestCaseForDashboardPage@350aac89]" started-at="2025-07-21T11:22:07 GMT+06:00" name="verifyLoginFunctionality" finished-at="2025-07-21T11:22:08 GMT+06:00" duration-ms="1249" status="PASS">
          <reporter-output>
          </reporter-output>
        </test-method> <!-- verifyLoginFunctionality -->
        <test-method is-config="true" signature="teardown()[pri:0, instance:TestCasesForDashboard.TestCaseForDashboardPage@350aac89]" started-at="2025-07-21T11:22:08 GMT+06:00" name="teardown" finished-at="2025-07-21T11:22:08 GMT+06:00" duration-ms="286" status="PASS">
          <reporter-output>
          </reporter-output>
        </test-method> <!-- teardown -->
      </class> <!-- TestCasesForDashboard.TestCaseForDashboardPage -->
    </test> <!-- Test -->
  </suite> <!-- Suite -->
</testng-results>
